app/build/intermediates/manifest_merge_blame_file/debug/manifest-merger-blame-debug-report.txt
1<?xml version="1.0" encoding="utf-8"?>
2<!--
3digunakan untuk mengatur beberapa informasi yang akan ditampilkan di aplikasi yang sedang dibuat
4seperti informasi label, intent, icon, maupun Android Manifest permission yang ada di dalam
5smartphone Android.
6-->
7<manifest xmlns:android="http://schemas.android.com/apk/res/android"
8    package="com.example.android.devbyteviewer"
9    android:versionCode="1"
10    android:versionName="1.0" >
11
12    <uses-sdk
13        android:minSdkVersion="19"
13-->src\main\AndroidManifest.xml
14        android:targetSdkVersion="30" />
14-->src\main\AndroidManifest.xml
15
16    <uses-permission android:name="android.permission.INTERNET" />
16-->src\main\AndroidManifest.xml:12:5-67
16-->src\main\AndroidManifest.xml:12:22-64
17
18    <application
18-->src\main\AndroidManifest.xml:14:5-30:19
19        android:name="com.example.android.devbyteviewer.DevByteApplication"
19-->src\main\AndroidManifest.xml:15:9-43
20        android:allowBackup="true"
20-->src\main\AndroidManifest.xml:16:9-35
21        android:appComponentFactory="androidx.core.app.CoreComponentFactory"
21-->[androidx.core:core:1.3.1] AndroidManifest.xml:24:18-86
22        android:debuggable="true"
23        android:icon="@mipmap/ic_launcher"
23-->src\main\AndroidManifest.xml:17:9-43
24        android:label="@string/app_name"
24-->src\main\AndroidManifest.xml:18:9-41
25        android:roundIcon="@mipmap/ic_launcher_round"
25-->src\main\AndroidManifest.xml:19:9-54
26        android:supportsRtl="true"
26-->src\main\AndroidManifest.xml:20:9-35
27        android:testOnly="true"
28        android:theme="@style/AppTheme" >
28-->src\main\AndroidManifest.xml:21:9-40
29        <activity android:name="com.example.android.devbyteviewer.ui.DevByteActivity" >
29-->src\main\AndroidManifest.xml:23:9-29:20
29-->src\main\AndroidManifest.xml:23:19-53
30            <intent-filter>
30-->src\main\AndroidManifest.xml:24:13-28:29
31                <action android:name="android.intent.action.MAIN" />
31-->src\main\AndroidManifest.xml:25:17-69
31-->src\main\AndroidManifest.xml:25:25-66
32
33                <category android:name="android.intent.category.LAUNCHER" />
33-->src\main\AndroidManifest.xml:27:17-77
33-->src\main\AndroidManifest.xml:27:27-74
34            </intent-filter>
35        </activity>
36
37        <service
37-->[androidx.room:room-runtime:2.2.0] AndroidManifest.xml:25:9-27:40
38            android:name="androidx.room.MultiInstanceInvalidationService"
38-->[androidx.room:room-runtime:2.2.0] AndroidManifest.xml:26:13-74
39            android:exported="false" />
39-->[androidx.room:room-runtime:2.2.0] AndroidManifest.xml:27:13-37
40
41        <provider
41-->[androidx.lifecycle:lifecycle-process:2.2.0] AndroidManifest.xml:25:9-29:43
42            android:name="androidx.lifecycle.ProcessLifecycleOwnerInitializer"
42-->[androidx.lifecycle:lifecycle-process:2.2.0] AndroidManifest.xml:26:13-79
43            android:authorities="com.example.android.devbyteviewer.lifecycle-process"
43-->[androidx.lifecycle:lifecycle-process:2.2.0] AndroidManifest.xml:27:13-69
44            android:exported="false"
44-->[androidx.lifecycle:lifecycle-process:2.2.0] AndroidManifest.xml:28:13-37
45            android:multiprocess="true" />
45-->[androidx.lifecycle:lifecycle-process:2.2.0] AndroidManifest.xml:29:13-40
46    </application>
47
48</manifest>